ARM GAS  /var/folders/lg/77ksxqjx0n7gwph6nqpzcmcw0000gn/T//ccSx5CSX.s 			page 1


   1              		.cpu cortex-m7
   2              		.eabi_attribute 28, 1
   3              		.eabi_attribute 20, 1
   4              		.eabi_attribute 21, 1
   5              		.eabi_attribute 23, 3
   6              		.eabi_attribute 24, 1
   7              		.eabi_attribute 25, 1
   8              		.eabi_attribute 26, 1
   9              		.eabi_attribute 30, 2
  10              		.eabi_attribute 34, 1
  11              		.eabi_attribute 18, 4
  12              		.file	"ff_gen_drv.c"
  13              		.text
  14              		.section	.text.FATFS_UnLinkDriverEx.part.0,"ax",%progbits
  15              		.align	1
  16              		.p2align 2,,3
  17              		.arch armv7e-m
  18              		.syntax unified
  19              		.thumb
  20              		.thumb_func
  21              		.fpu fpv5-d16
  23              	FATFS_UnLinkDriverEx.part.0:
  24              		@ args = 0, pretend = 0, frame = 0
  25              		@ frame_needed = 0, uses_anonymous_args = 0
  26              		@ link register save eliminated.
  27 0000 30B4     		push	{r4, r5}
  28 0002 0378     		ldrb	r3, [r0]	@ zero_extendqisi2
  29 0004 0A49     		ldr	r1, .L6
  30 0006 303B     		subs	r3, r3, #48
  31 0008 DBB2     		uxtb	r3, r3
  32 000a 01EB8305 		add	r5, r1, r3, lsl #2
  33 000e 6A68     		ldr	r2, [r5, #4]
  34 0010 52B1     		cbz	r2, .L3
  35 0012 4A7A     		ldrb	r2, [r1, #9]	@ zero_extendqisi2
  36 0014 0024     		movs	r4, #0
  37 0016 0B44     		add	r3, r3, r1
  38 0018 013A     		subs	r2, r2, #1
  39 001a 2046     		mov	r0, r4
  40 001c 1C72     		strb	r4, [r3, #8]
  41 001e D3B2     		uxtb	r3, r2
  42 0020 6C60     		str	r4, [r5, #4]
  43 0022 4B72     		strb	r3, [r1, #9]
  44 0024 30BC     		pop	{r4, r5}
  45 0026 7047     		bx	lr
  46              	.L3:
  47 0028 0120     		movs	r0, #1
  48 002a 30BC     		pop	{r4, r5}
  49 002c 7047     		bx	lr
  50              	.L7:
  51 002e 00BF     		.align	2
  52              	.L6:
  53 0030 00000000 		.word	.LANCHOR0
  55              		.section	.text.FATFS_LinkDriverEx,"ax",%progbits
  56              		.align	1
  57              		.p2align 2,,3
  58              		.global	FATFS_LinkDriverEx
  59              		.syntax unified
ARM GAS  /var/folders/lg/77ksxqjx0n7gwph6nqpzcmcw0000gn/T//ccSx5CSX.s 			page 2


  60              		.thumb
  61              		.thumb_func
  62              		.fpu fpv5-d16
  64              	FATFS_LinkDriverEx:
  65              		@ args = 0, pretend = 0, frame = 0
  66              		@ frame_needed = 0, uses_anonymous_args = 0
  67 0000 134B     		ldr	r3, .L12
  68 0002 2DE9F041 		push	{r4, r5, r6, r7, r8, lr}
  69 0006 5D7A     		ldrb	r5, [r3, #9]	@ zero_extendqisi2
  70 0008 F5B9     		cbnz	r5, .L10
  71 000a 93F80980 		ldrb	r8, [r3, #9]	@ zero_extendqisi2
  72 000e 0446     		mov	r4, r0
  73 0010 5F7A     		ldrb	r7, [r3, #9]	@ zero_extendqisi2
  74 0012 05F0FF00 		and	r0, r5, #255
  75 0016 5E7A     		ldrb	r6, [r3, #9]	@ zero_extendqisi2
  76 0018 4FF03A0E 		mov	lr, #58
  77 001c 5D7A     		ldrb	r5, [r3, #9]	@ zero_extendqisi2
  78 001e 03EB8707 		add	r7, r3, r7, lsl #2
  79 0022 1E44     		add	r6, r6, r3
  80 0024 4FF02F0C 		mov	ip, #47
  81 0028 7C60     		str	r4, [r7, #4]
  82 002a 6C1C     		adds	r4, r5, #1
  83 002c 3272     		strb	r2, [r6, #8]
  84 002e 3035     		adds	r5, r5, #48
  85 0030 E2B2     		uxtb	r2, r4
  86 0032 03F80800 		strb	r0, [r3, r8]
  87 0036 5A72     		strb	r2, [r3, #9]
  88 0038 0D70     		strb	r5, [r1]
  89 003a C870     		strb	r0, [r1, #3]
  90 003c 81F801E0 		strb	lr, [r1, #1]
  91 0040 81F802C0 		strb	ip, [r1, #2]
  92 0044 BDE8F081 		pop	{r4, r5, r6, r7, r8, pc}
  93              	.L10:
  94 0048 0120     		movs	r0, #1
  95 004a BDE8F081 		pop	{r4, r5, r6, r7, r8, pc}
  96              	.L13:
  97 004e 00BF     		.align	2
  98              	.L12:
  99 0050 00000000 		.word	.LANCHOR0
 101              		.section	.text.FATFS_LinkDriver,"ax",%progbits
 102              		.align	1
 103              		.p2align 2,,3
 104              		.global	FATFS_LinkDriver
 105              		.syntax unified
 106              		.thumb
 107              		.thumb_func
 108              		.fpu fpv5-d16
 110              	FATFS_LinkDriver:
 111              		@ args = 0, pretend = 0, frame = 0
 112              		@ frame_needed = 0, uses_anonymous_args = 0
 113 0000 104B     		ldr	r3, .L18
 114 0002 F0B5     		push	{r4, r5, r6, r7, lr}
 115 0004 5C7A     		ldrb	r4, [r3, #9]	@ zero_extendqisi2
 116 0006 DCB9     		cbnz	r4, .L16
 117 0008 93F809E0 		ldrb	lr, [r3, #9]	@ zero_extendqisi2
 118 000c 0246     		mov	r2, r0
 119 000e 5E7A     		ldrb	r6, [r3, #9]	@ zero_extendqisi2
ARM GAS  /var/folders/lg/77ksxqjx0n7gwph6nqpzcmcw0000gn/T//ccSx5CSX.s 			page 3


 120 0010 04F0FF00 		and	r0, r4, #255
 121 0014 5D7A     		ldrb	r5, [r3, #9]	@ zero_extendqisi2
 122 0016 4FF03A0C 		mov	ip, #58
 123 001a 5C7A     		ldrb	r4, [r3, #9]	@ zero_extendqisi2
 124 001c 03EB8606 		add	r6, r3, r6, lsl #2
 125 0020 2F27     		movs	r7, #47
 126 0022 1D44     		add	r5, r5, r3
 127 0024 7260     		str	r2, [r6, #4]
 128 0026 621C     		adds	r2, r4, #1
 129 0028 3034     		adds	r4, r4, #48
 130 002a 2872     		strb	r0, [r5, #8]
 131 002c D2B2     		uxtb	r2, r2
 132 002e 03F80E00 		strb	r0, [r3, lr]
 133 0032 5A72     		strb	r2, [r3, #9]
 134 0034 0C70     		strb	r4, [r1]
 135 0036 C870     		strb	r0, [r1, #3]
 136 0038 81F801C0 		strb	ip, [r1, #1]
 137 003c 8F70     		strb	r7, [r1, #2]
 138 003e F0BD     		pop	{r4, r5, r6, r7, pc}
 139              	.L16:
 140 0040 0120     		movs	r0, #1
 141 0042 F0BD     		pop	{r4, r5, r6, r7, pc}
 142              	.L19:
 143              		.align	2
 144              	.L18:
 145 0044 00000000 		.word	.LANCHOR0
 147              		.section	.text.FATFS_UnLinkDriverEx,"ax",%progbits
 148              		.align	1
 149              		.p2align 2,,3
 150              		.global	FATFS_UnLinkDriverEx
 151              		.syntax unified
 152              		.thumb
 153              		.thumb_func
 154              		.fpu fpv5-d16
 156              	FATFS_UnLinkDriverEx:
 157              		@ args = 0, pretend = 0, frame = 0
 158              		@ frame_needed = 0, uses_anonymous_args = 0
 159              		@ link register save eliminated.
 160 0000 034B     		ldr	r3, .L22
 161 0002 5B7A     		ldrb	r3, [r3, #9]	@ zero_extendqisi2
 162 0004 0BB1     		cbz	r3, .L21
 163 0006 FFF7FEBF 		b	FATFS_UnLinkDriverEx.part.0
 164              	.L21:
 165 000a 0120     		movs	r0, #1
 166 000c 7047     		bx	lr
 167              	.L23:
 168 000e 00BF     		.align	2
 169              	.L22:
 170 0010 00000000 		.word	.LANCHOR0
 172              		.section	.text.FATFS_UnLinkDriver,"ax",%progbits
 173              		.align	1
 174              		.p2align 2,,3
 175              		.global	FATFS_UnLinkDriver
 176              		.syntax unified
 177              		.thumb
 178              		.thumb_func
 179              		.fpu fpv5-d16
ARM GAS  /var/folders/lg/77ksxqjx0n7gwph6nqpzcmcw0000gn/T//ccSx5CSX.s 			page 4


 181              	FATFS_UnLinkDriver:
 182              		@ args = 0, pretend = 0, frame = 0
 183              		@ frame_needed = 0, uses_anonymous_args = 0
 184              		@ link register save eliminated.
 185 0000 034B     		ldr	r3, .L26
 186 0002 5B7A     		ldrb	r3, [r3, #9]	@ zero_extendqisi2
 187 0004 0BB1     		cbz	r3, .L25
 188 0006 FFF7FEBF 		b	FATFS_UnLinkDriverEx.part.0
 189              	.L25:
 190 000a 0120     		movs	r0, #1
 191 000c 7047     		bx	lr
 192              	.L27:
 193 000e 00BF     		.align	2
 194              	.L26:
 195 0010 00000000 		.word	.LANCHOR0
 197              		.section	.text.FATFS_GetAttachedDriversNbr,"ax",%progbits
 198              		.align	1
 199              		.p2align 2,,3
 200              		.global	FATFS_GetAttachedDriversNbr
 201              		.syntax unified
 202              		.thumb
 203              		.thumb_func
 204              		.fpu fpv5-d16
 206              	FATFS_GetAttachedDriversNbr:
 207              		@ args = 0, pretend = 0, frame = 0
 208              		@ frame_needed = 0, uses_anonymous_args = 0
 209              		@ link register save eliminated.
 210 0000 014B     		ldr	r3, .L29
 211 0002 587A     		ldrb	r0, [r3, #9]	@ zero_extendqisi2
 212 0004 7047     		bx	lr
 213              	.L30:
 214 0006 00BF     		.align	2
 215              	.L29:
 216 0008 00000000 		.word	.LANCHOR0
 218              		.global	disk
 219              		.section	.bss.disk,"aw",%nobits
 220              		.align	2
 221              		.set	.LANCHOR0,. + 0
 224              	disk:
 225 0000 00000000 		.space	12
 225      00000000 
 225      00000000 
 226              		.ident	"GCC: (GNU Arm Embedded Toolchain 9-2020-q2-update) 9.3.1 20200408 (release)"
ARM GAS  /var/folders/lg/77ksxqjx0n7gwph6nqpzcmcw0000gn/T//ccSx5CSX.s 			page 5


DEFINED SYMBOLS
                            *ABS*:0000000000000000 ff_gen_drv.c
/var/folders/lg/77ksxqjx0n7gwph6nqpzcmcw0000gn/T//ccSx5CSX.s:15     .text.FATFS_UnLinkDriverEx.part.0:0000000000000000 $t
/var/folders/lg/77ksxqjx0n7gwph6nqpzcmcw0000gn/T//ccSx5CSX.s:23     .text.FATFS_UnLinkDriverEx.part.0:0000000000000000 FATFS_UnLinkDriverEx.part.0
/var/folders/lg/77ksxqjx0n7gwph6nqpzcmcw0000gn/T//ccSx5CSX.s:53     .text.FATFS_UnLinkDriverEx.part.0:0000000000000030 $d
/var/folders/lg/77ksxqjx0n7gwph6nqpzcmcw0000gn/T//ccSx5CSX.s:56     .text.FATFS_LinkDriverEx:0000000000000000 $t
/var/folders/lg/77ksxqjx0n7gwph6nqpzcmcw0000gn/T//ccSx5CSX.s:64     .text.FATFS_LinkDriverEx:0000000000000000 FATFS_LinkDriverEx
/var/folders/lg/77ksxqjx0n7gwph6nqpzcmcw0000gn/T//ccSx5CSX.s:99     .text.FATFS_LinkDriverEx:0000000000000050 $d
/var/folders/lg/77ksxqjx0n7gwph6nqpzcmcw0000gn/T//ccSx5CSX.s:102    .text.FATFS_LinkDriver:0000000000000000 $t
/var/folders/lg/77ksxqjx0n7gwph6nqpzcmcw0000gn/T//ccSx5CSX.s:110    .text.FATFS_LinkDriver:0000000000000000 FATFS_LinkDriver
/var/folders/lg/77ksxqjx0n7gwph6nqpzcmcw0000gn/T//ccSx5CSX.s:145    .text.FATFS_LinkDriver:0000000000000044 $d
/var/folders/lg/77ksxqjx0n7gwph6nqpzcmcw0000gn/T//ccSx5CSX.s:148    .text.FATFS_UnLinkDriverEx:0000000000000000 $t
/var/folders/lg/77ksxqjx0n7gwph6nqpzcmcw0000gn/T//ccSx5CSX.s:156    .text.FATFS_UnLinkDriverEx:0000000000000000 FATFS_UnLinkDriverEx
/var/folders/lg/77ksxqjx0n7gwph6nqpzcmcw0000gn/T//ccSx5CSX.s:170    .text.FATFS_UnLinkDriverEx:0000000000000010 $d
/var/folders/lg/77ksxqjx0n7gwph6nqpzcmcw0000gn/T//ccSx5CSX.s:173    .text.FATFS_UnLinkDriver:0000000000000000 $t
/var/folders/lg/77ksxqjx0n7gwph6nqpzcmcw0000gn/T//ccSx5CSX.s:181    .text.FATFS_UnLinkDriver:0000000000000000 FATFS_UnLinkDriver
/var/folders/lg/77ksxqjx0n7gwph6nqpzcmcw0000gn/T//ccSx5CSX.s:195    .text.FATFS_UnLinkDriver:0000000000000010 $d
/var/folders/lg/77ksxqjx0n7gwph6nqpzcmcw0000gn/T//ccSx5CSX.s:198    .text.FATFS_GetAttachedDriversNbr:0000000000000000 $t
/var/folders/lg/77ksxqjx0n7gwph6nqpzcmcw0000gn/T//ccSx5CSX.s:206    .text.FATFS_GetAttachedDriversNbr:0000000000000000 FATFS_GetAttachedDriversNbr
/var/folders/lg/77ksxqjx0n7gwph6nqpzcmcw0000gn/T//ccSx5CSX.s:216    .text.FATFS_GetAttachedDriversNbr:0000000000000008 $d
/var/folders/lg/77ksxqjx0n7gwph6nqpzcmcw0000gn/T//ccSx5CSX.s:224    .bss.disk:0000000000000000 disk
/var/folders/lg/77ksxqjx0n7gwph6nqpzcmcw0000gn/T//ccSx5CSX.s:220    .bss.disk:0000000000000000 $d

NO UNDEFINED SYMBOLS
